--------------------------
Sat Dec  9 15:15:38 PST 2023
--------------------------
Using Java version: 1.8.0_202
15:15:39.533 [main] INFO  org.apache.hyracks.control.nc.service.NCService - Waiting for connection from CC on *:9091
15:15:40.925 [main] INFO  org.apache.hyracks.control.nc.service.NCService - Using JAVA_OPTS from conf file (jvm.args)
15:15:40.926 [main] INFO  org.apache.hyracks.control.nc.service.NCService - Setting JAVA_OPTS to -XX:MaxGCPauseMillis=25000 -Xmx9831m
15:15:40.926 [main] INFO  org.apache.hyracks.control.nc.service.NCService - Launching NCDriver process
Using Java version: 1.8.0_202
15:15:42.338 [main] WARN  org.apache.hyracks.control.nc.NCLogConfigurationFactory - logs are being redirected to: /Users/haochenmiao/Documents/School/CSE_414/414_hw7/apache-asterixdb-0.9.6/opt/local/logs/nc-asterix_nc2.log
23:05:01.853 [main] INFO  org.apache.hyracks.control.nc.service.NCService - NCDriver exited with return value 99
23:05:01.854 [main] INFO  org.apache.hyracks.control.nc.service.NCService - Terminating NCService based on return value from NCDriver
23:05:01.854 [main] INFO  org.apache.hyracks.control.nc.service.NCService - JVM Exiting.. Bye!
--------------------------
Sun Dec 10 18:12:53 PST 2023
--------------------------
Using Java version: 19.0.2
18:12:53.833 [main] INFO  org.apache.hyracks.control.nc.service.NCService - Waiting for connection from CC on *:9091
18:12:54.507 [main] INFO  org.apache.hyracks.control.nc.service.NCService - Using JAVA_OPTS from conf file (jvm.args)
18:12:54.507 [main] INFO  org.apache.hyracks.control.nc.service.NCService - Setting JAVA_OPTS to -XX:MaxGCPauseMillis=25000 -Xmx9831m
18:12:54.507 [main] INFO  org.apache.hyracks.control.nc.service.NCService - Launching NCDriver process
Using Java version: 19.0.2
18:12:54.895 [main] WARN  org.apache.hyracks.control.nc.NCLogConfigurationFactory - logs are being redirected to: /Users/haochenmiao/Documents/School/CSE_414/414_hw7/apache-asterixdb-0.9.6/opt/local/logs/nc-asterix_nc2.log
18:15:56.107 [main] INFO  org.apache.hyracks.control.nc.service.NCService - NCDriver exited with return value 99
18:15:56.108 [main] INFO  org.apache.hyracks.control.nc.service.NCService - Terminating NCService based on return value from NCDriver
18:15:56.108 [main] INFO  org.apache.hyracks.control.nc.service.NCService - JVM Exiting.. Bye!
--------------------------
Sun Dec 10 18:17:24 PST 2023
--------------------------
Using Java version: 1.8.0_202
18:17:26.215 [main] INFO  org.apache.hyracks.control.nc.service.NCService - Waiting for connection from CC on *:9091
18:17:27.657 [main] INFO  org.apache.hyracks.control.nc.service.NCService - Using JAVA_OPTS from conf file (jvm.args)
18:17:27.658 [main] INFO  org.apache.hyracks.control.nc.service.NCService - Setting JAVA_OPTS to -XX:MaxGCPauseMillis=25000 -Xmx9831m
18:17:27.658 [main] INFO  org.apache.hyracks.control.nc.service.NCService - Launching NCDriver process
Using Java version: 1.8.0_202
18:17:28.919 [main] WARN  org.apache.hyracks.control.nc.NCLogConfigurationFactory - logs are being redirected to: /Users/haochenmiao/Documents/School/CSE_414/414_hw7/apache-asterixdb-0.9.6/opt/local/logs/nc-asterix_nc2.log
21:00:10.697 [main] INFO  org.apache.hyracks.control.nc.service.NCService - NCDriver exited with return value 99
21:00:10.698 [main] INFO  org.apache.hyracks.control.nc.service.NCService - Terminating NCService based on return value from NCDriver
21:00:10.698 [main] INFO  org.apache.hyracks.control.nc.service.NCService - JVM Exiting.. Bye!
--------------------------
Tue Dec 12 22:49:30 PST 2023
--------------------------
Using Java version: 19.0.2
22:49:31.374 [main] INFO  org.apache.hyracks.control.nc.service.NCService - Waiting for connection from CC on *:9091
22:49:32.037 [main] INFO  org.apache.hyracks.control.nc.service.NCService - Using JAVA_OPTS from conf file (jvm.args)
22:49:32.037 [main] INFO  org.apache.hyracks.control.nc.service.NCService - Setting JAVA_OPTS to -XX:MaxGCPauseMillis=25000 -Xmx9831m
22:49:32.037 [main] INFO  org.apache.hyracks.control.nc.service.NCService - Launching NCDriver process
Using Java version: 19.0.2
22:49:32.402 [main] WARN  org.apache.hyracks.control.nc.NCLogConfigurationFactory - logs are being redirected to: /Users/haochenmiao/Documents/School/CSE_414/414_hw7/apache-asterixdb-0.9.6/opt/local/logs/nc-asterix_nc2.log
22:57:25.491 [main] INFO  org.apache.hyracks.control.nc.service.NCService - NCDriver exited with return value 99
22:57:25.492 [main] INFO  org.apache.hyracks.control.nc.service.NCService - Terminating NCService based on return value from NCDriver
22:57:25.492 [main] INFO  org.apache.hyracks.control.nc.service.NCService - JVM Exiting.. Bye!
--------------------------
Tue Dec 12 22:57:47 PST 2023
--------------------------
Using Java version: 1.8.0_202
22:57:48.976 [main] INFO  org.apache.hyracks.control.nc.service.NCService - Waiting for connection from CC on *:9091
22:57:50.340 [main] INFO  org.apache.hyracks.control.nc.service.NCService - Using JAVA_OPTS from conf file (jvm.args)
22:57:50.340 [main] INFO  org.apache.hyracks.control.nc.service.NCService - Setting JAVA_OPTS to -XX:MaxGCPauseMillis=25000 -Xmx9831m
22:57:50.340 [main] INFO  org.apache.hyracks.control.nc.service.NCService - Launching NCDriver process
Using Java version: 1.8.0_202
22:57:51.733 [main] WARN  org.apache.hyracks.control.nc.NCLogConfigurationFactory - logs are being redirected to: /Users/haochenmiao/Documents/School/CSE_414/414_hw7/apache-asterixdb-0.9.6/opt/local/logs/nc-asterix_nc2.log
00:49:07.441 [main] INFO  org.apache.hyracks.control.nc.service.NCService - NCDriver exited with return value 99
00:49:07.443 [main] INFO  org.apache.hyracks.control.nc.service.NCService - Terminating NCService based on return value from NCDriver
00:49:07.443 [main] INFO  org.apache.hyracks.control.nc.service.NCService - JVM Exiting.. Bye!
--------------------------
Wed Dec 13 15:27:34 PST 2023
--------------------------
Using Java version: 1.8.0_202
15:27:36.197 [main] INFO  org.apache.hyracks.control.nc.service.NCService - Waiting for connection from CC on *:9091
15:27:37.654 [main] INFO  org.apache.hyracks.control.nc.service.NCService - Using JAVA_OPTS from conf file (jvm.args)
15:27:37.654 [main] INFO  org.apache.hyracks.control.nc.service.NCService - Setting JAVA_OPTS to -XX:MaxGCPauseMillis=25000 -Xmx9831m
15:27:37.655 [main] INFO  org.apache.hyracks.control.nc.service.NCService - Launching NCDriver process
Using Java version: 1.8.0_202
15:27:39.008 [main] WARN  org.apache.hyracks.control.nc.NCLogConfigurationFactory - logs are being redirected to: /Users/haochenmiao/Documents/School/CSE_414/414_hw7/apache-asterixdb-0.9.6/opt/local/logs/nc-asterix_nc2.log
17:21:15.449 [main] INFO  org.apache.hyracks.control.nc.service.NCService - NCDriver exited with return value 99
17:21:15.450 [main] INFO  org.apache.hyracks.control.nc.service.NCService - Terminating NCService based on return value from NCDriver
17:21:15.451 [main] INFO  org.apache.hyracks.control.nc.service.NCService - JVM Exiting.. Bye!
