--------------------------
Sat Dec  9 15:15:38 PST 2023
--------------------------
Using Java version: 1.8.0_202
15:15:39.515 [main] INFO  org.apache.hyracks.control.nc.service.NCService - Waiting for connection from CC on *:9090
15:15:40.934 [main] INFO  org.apache.hyracks.control.nc.service.NCService - Using JAVA_OPTS from conf file (jvm.args)
15:15:40.935 [main] INFO  org.apache.hyracks.control.nc.service.NCService - Setting JAVA_OPTS to -XX:MaxGCPauseMillis=25000 -Xmx9831m
15:15:40.935 [main] INFO  org.apache.hyracks.control.nc.service.NCService - Launching NCDriver process
Using Java version: 1.8.0_202
15:15:42.357 [main] WARN  org.apache.hyracks.control.nc.NCLogConfigurationFactory - logs are being redirected to: /Users/haochenmiao/Documents/School/CSE_414/414_hw7/apache-asterixdb-0.9.6/opt/local/logs/nc-asterix_nc1.log
23:05:01.821 [main] INFO  org.apache.hyracks.control.nc.service.NCService - NCDriver exited with return value 99
23:05:01.822 [main] INFO  org.apache.hyracks.control.nc.service.NCService - Terminating NCService based on return value from NCDriver
23:05:01.822 [main] INFO  org.apache.hyracks.control.nc.service.NCService - JVM Exiting.. Bye!
--------------------------
Sun Dec 10 18:12:53 PST 2023
--------------------------
Using Java version: 19.0.2
18:12:53.827 [main] INFO  org.apache.hyracks.control.nc.service.NCService - Waiting for connection from CC on *:9090
18:12:54.509 [main] INFO  org.apache.hyracks.control.nc.service.NCService - Using JAVA_OPTS from conf file (jvm.args)
18:12:54.510 [main] INFO  org.apache.hyracks.control.nc.service.NCService - Setting JAVA_OPTS to -XX:MaxGCPauseMillis=25000 -Xmx9831m
18:12:54.510 [main] INFO  org.apache.hyracks.control.nc.service.NCService - Launching NCDriver process
Using Java version: 19.0.2
18:12:54.893 [main] WARN  org.apache.hyracks.control.nc.NCLogConfigurationFactory - logs are being redirected to: /Users/haochenmiao/Documents/School/CSE_414/414_hw7/apache-asterixdb-0.9.6/opt/local/logs/nc-asterix_nc1.log
18:15:56.310 [main] INFO  org.apache.hyracks.control.nc.service.NCService - NCDriver exited with return value 99
18:15:56.311 [main] INFO  org.apache.hyracks.control.nc.service.NCService - Terminating NCService based on return value from NCDriver
18:15:56.311 [main] INFO  org.apache.hyracks.control.nc.service.NCService - JVM Exiting.. Bye!
--------------------------
Sun Dec 10 18:17:24 PST 2023
--------------------------
Using Java version: 1.8.0_202
18:17:26.197 [main] INFO  org.apache.hyracks.control.nc.service.NCService - Waiting for connection from CC on *:9090
18:17:27.665 [main] INFO  org.apache.hyracks.control.nc.service.NCService - Using JAVA_OPTS from conf file (jvm.args)
18:17:27.665 [main] INFO  org.apache.hyracks.control.nc.service.NCService - Setting JAVA_OPTS to -XX:MaxGCPauseMillis=25000 -Xmx9831m
18:17:27.665 [main] INFO  org.apache.hyracks.control.nc.service.NCService - Launching NCDriver process
Using Java version: 1.8.0_202
18:17:28.916 [main] WARN  org.apache.hyracks.control.nc.NCLogConfigurationFactory - logs are being redirected to: /Users/haochenmiao/Documents/School/CSE_414/414_hw7/apache-asterixdb-0.9.6/opt/local/logs/nc-asterix_nc1.log
21:00:10.675 [main] INFO  org.apache.hyracks.control.nc.service.NCService - NCDriver exited with return value 99
21:00:10.677 [main] INFO  org.apache.hyracks.control.nc.service.NCService - Terminating NCService based on return value from NCDriver
21:00:10.677 [main] INFO  org.apache.hyracks.control.nc.service.NCService - JVM Exiting.. Bye!
--------------------------
Tue Dec 12 22:49:30 PST 2023
--------------------------
Using Java version: 19.0.2
22:49:31.370 [main] INFO  org.apache.hyracks.control.nc.service.NCService - Waiting for connection from CC on *:9090
22:49:32.038 [main] INFO  org.apache.hyracks.control.nc.service.NCService - Using JAVA_OPTS from conf file (jvm.args)
22:49:32.038 [main] INFO  org.apache.hyracks.control.nc.service.NCService - Setting JAVA_OPTS to -XX:MaxGCPauseMillis=25000 -Xmx9831m
22:49:32.038 [main] INFO  org.apache.hyracks.control.nc.service.NCService - Launching NCDriver process
Using Java version: 19.0.2
22:49:32.402 [main] WARN  org.apache.hyracks.control.nc.NCLogConfigurationFactory - logs are being redirected to: /Users/haochenmiao/Documents/School/CSE_414/414_hw7/apache-asterixdb-0.9.6/opt/local/logs/nc-asterix_nc1.log
22:57:25.703 [main] INFO  org.apache.hyracks.control.nc.service.NCService - NCDriver exited with return value 99
22:57:25.705 [main] INFO  org.apache.hyracks.control.nc.service.NCService - Terminating NCService based on return value from NCDriver
22:57:25.705 [main] INFO  org.apache.hyracks.control.nc.service.NCService - JVM Exiting.. Bye!
--------------------------
Tue Dec 12 22:57:47 PST 2023
--------------------------
Using Java version: 1.8.0_202
22:57:48.968 [main] INFO  org.apache.hyracks.control.nc.service.NCService - Waiting for connection from CC on *:9090
22:57:50.348 [main] INFO  org.apache.hyracks.control.nc.service.NCService - Using JAVA_OPTS from conf file (jvm.args)
22:57:50.349 [main] INFO  org.apache.hyracks.control.nc.service.NCService - Setting JAVA_OPTS to -XX:MaxGCPauseMillis=25000 -Xmx9831m
22:57:50.349 [main] INFO  org.apache.hyracks.control.nc.service.NCService - Launching NCDriver process
Using Java version: 1.8.0_202
22:57:51.741 [main] WARN  org.apache.hyracks.control.nc.NCLogConfigurationFactory - logs are being redirected to: /Users/haochenmiao/Documents/School/CSE_414/414_hw7/apache-asterixdb-0.9.6/opt/local/logs/nc-asterix_nc1.log
00:49:07.363 [main] INFO  org.apache.hyracks.control.nc.service.NCService - NCDriver exited with return value 99
00:49:07.365 [main] INFO  org.apache.hyracks.control.nc.service.NCService - Terminating NCService based on return value from NCDriver
00:49:07.365 [main] INFO  org.apache.hyracks.control.nc.service.NCService - JVM Exiting.. Bye!
--------------------------
Wed Dec 13 15:27:34 PST 2023
--------------------------
Using Java version: 1.8.0_202
15:27:36.189 [main] INFO  org.apache.hyracks.control.nc.service.NCService - Waiting for connection from CC on *:9090
15:27:37.662 [main] INFO  org.apache.hyracks.control.nc.service.NCService - Using JAVA_OPTS from conf file (jvm.args)
15:27:37.663 [main] INFO  org.apache.hyracks.control.nc.service.NCService - Setting JAVA_OPTS to -XX:MaxGCPauseMillis=25000 -Xmx9831m
15:27:37.663 [main] INFO  org.apache.hyracks.control.nc.service.NCService - Launching NCDriver process
Using Java version: 1.8.0_202
15:27:39.018 [main] WARN  org.apache.hyracks.control.nc.NCLogConfigurationFactory - logs are being redirected to: /Users/haochenmiao/Documents/School/CSE_414/414_hw7/apache-asterixdb-0.9.6/opt/local/logs/nc-asterix_nc1.log
17:21:15.405 [main] INFO  org.apache.hyracks.control.nc.service.NCService - NCDriver exited with return value 99
17:21:15.406 [main] INFO  org.apache.hyracks.control.nc.service.NCService - Terminating NCService based on return value from NCDriver
17:21:15.406 [main] INFO  org.apache.hyracks.control.nc.service.NCService - JVM Exiting.. Bye!
